Assembler report for SAEAES_Tb
Fri Aug 27 12:09:43 2021
Quartus II 64-Bit Version 13.0.1 Build 232 06/12/2013 Service Pack 1 SJ Web Edition


---------------------
; Table of Contents ;
---------------------
  1. Legal Notice
  2. Assembler Summary
  3. Assembler Settings
  4. Assembler Encrypted IP Cores Summary
  5. Assembler Generated Files
  6. Assembler Device Options: C:/Users/JUAN PABLO/OneDrive - correounivalle.edu.co/Universidad/ProyectoDeGrado/Implementation/13.0_Quartus/SAEAES_Tb/output_files/SAEAES_Tb.sof
  7. Assembler Device Options: C:/Users/JUAN PABLO/OneDrive - correounivalle.edu.co/Universidad/ProyectoDeGrado/Implementation/13.0_Quartus/SAEAES_Tb/output_files/SAEAES_Tb.pof
  8. Assembler Messages



----------------
; Legal Notice ;
----------------
Copyright (C) 1991-2013 Altera Corporation
Your use of Altera Corporation's design tools, logic functions 
and other software and tools, and its AMPP partner logic 
functions, and any output files from any of the foregoing 
(including device programming or simulation files), and any 
associated documentation or information are expressly subject 
to the terms and conditions of the Altera Program License 
Subscription Agreement, Altera MegaCore Function License 
Agreement, or other applicable license agreement, including, 
without limitation, that your use is for the sole purpose of 
programming logic devices manufactured by Altera and sold by 
Altera or its authorized distributors.  Please refer to the 
applicable agreement for further details.



+---------------------------------------------------------------+
; Assembler Summary                                             ;
+-----------------------+---------------------------------------+
; Assembler Status      ; Successful - Fri Aug 27 12:09:43 2021 ;
; Revision Name         ; SAEAES_Tb                             ;
; Top-level Entity Name ; SAEAES_Tb                             ;
; Family                ; Cyclone II                            ;
; Device                ; EP2C70F896C6                          ;
+-----------------------+---------------------------------------+


+--------------------------------------------------------------------------------------------------------+
; Assembler Settings                                                                                     ;
+-----------------------------------------------------------------------------+----------+---------------+
; Option                                                                      ; Setting  ; Default Value ;
+-----------------------------------------------------------------------------+----------+---------------+
; Use smart compilation                                                       ; Off      ; Off           ;
; Enable parallel Assembler and TimeQuest Timing Analyzer during compilation  ; On       ; On            ;
; Enable compact report table                                                 ; Off      ; Off           ;
; Generate compressed bitstreams                                              ; On       ; On            ;
; Compression mode                                                            ; Off      ; Off           ;
; Clock source for configuration device                                       ; Internal ; Internal      ;
; Clock frequency of the configuration device                                 ; 10 MHZ   ; 10 MHz        ;
; Divide clock frequency by                                                   ; 1        ; 1             ;
; Auto user code                                                              ; On       ; On            ;
; Use configuration device                                                    ; On       ; On            ;
; Configuration device                                                        ; Auto     ; Auto          ;
; Configuration device auto user code                                         ; Off      ; Off           ;
; Generate Tabular Text File (.ttf) For Target Device                         ; Off      ; Off           ;
; Generate Raw Binary File (.rbf) For Target Device                           ; Off      ; Off           ;
; Generate Hexadecimal (Intel-Format) Output File (.hexout) for Target Device ; Off      ; Off           ;
; Hexadecimal Output File start address                                       ; 0        ; 0             ;
; Hexadecimal Output File count direction                                     ; Up       ; Up            ;
; Release clears before tri-states                                            ; Off      ; Off           ;
; Auto-restart configuration after error                                      ; On       ; On            ;
; Maintain Compatibility with All Cyclone II M4K Versions                     ; On       ; On            ;
; Generate Serial Vector Format File (.svf) for Target Device                 ; Off      ; Off           ;
; Generate a JEDEC STAPL Format File (.jam) for Target Device                 ; Off      ; Off           ;
; Generate a compressed Jam STAPL Byte Code 2.0 File (.jbc) for Target Device ; Off      ; Off           ;
; Generate a compressed Jam STAPL Byte Code 2.0 File (.jbc) for Target Device ; On       ; On            ;
+-----------------------------------------------------------------------------+----------+---------------+


+------------------------------------------------+
; Assembler Encrypted IP Cores Summary           ;
+--------+------------------------+--------------+
; Vendor ; IP Core Name           ; License Type ;
+--------+------------------------+--------------+
; Altera ; Signal Tap (6AF7 BCE1) ; Licensed     ;
; Altera ; Signal Tap (6AF7 BCEC) ; Licensed     ;
+--------+------------------------+--------------+


+---------------------------------------------------------------------------------------------------------------------------------------------------+
; Assembler Generated Files                                                                                                                         ;
+---------------------------------------------------------------------------------------------------------------------------------------------------+
; File Name                                                                                                                                         ;
+---------------------------------------------------------------------------------------------------------------------------------------------------+
; C:/Users/JUAN PABLO/OneDrive - correounivalle.edu.co/Universidad/ProyectoDeGrado/Implementation/13.0_Quartus/SAEAES_Tb/output_files/SAEAES_Tb.sof ;
; C:/Users/JUAN PABLO/OneDrive - correounivalle.edu.co/Universidad/ProyectoDeGrado/Implementation/13.0_Quartus/SAEAES_Tb/output_files/SAEAES_Tb.pof ;
+---------------------------------------------------------------------------------------------------------------------------------------------------+


+-----------------------------------------------------------------------------------------------------------------------------------------------------------------------------+
; Assembler Device Options: C:/Users/JUAN PABLO/OneDrive - correounivalle.edu.co/Universidad/ProyectoDeGrado/Implementation/13.0_Quartus/SAEAES_Tb/output_files/SAEAES_Tb.sof ;
+----------------+------------------------------------------------------------------------------------------------------------------------------------------------------------+
; Option         ; Setting                                                                                                                                                    ;
+----------------+------------------------------------------------------------------------------------------------------------------------------------------------------------+
; Device         ; EP2C70F896C6                                                                                                                                               ;
; JTAG usercode  ; 0x01BA6B09                                                                                                                                                 ;
; Checksum       ; 0x01BA6B09                                                                                                                                                 ;
+----------------+------------------------------------------------------------------------------------------------------------------------------------------------------------+


+-----------------------------------------------------------------------------------------------------------------------------------------------------------------------------+
; Assembler Device Options: C:/Users/JUAN PABLO/OneDrive - correounivalle.edu.co/Universidad/ProyectoDeGrado/Implementation/13.0_Quartus/SAEAES_Tb/output_files/SAEAES_Tb.pof ;
+--------------------+--------------------------------------------------------------------------------------------------------------------------------------------------------+
; Option             ; Setting                                                                                                                                                ;
+--------------------+--------------------------------------------------------------------------------------------------------------------------------------------------------+
; Device             ; EPCS16                                                                                                                                                 ;
; JTAG usercode      ; 0x00000000                                                                                                                                             ;
; Checksum           ; 0x1698254A                                                                                                                                             ;
; Compression Ratio  ; 2                                                                                                                                                      ;
+--------------------+--------------------------------------------------------------------------------------------------------------------------------------------------------+


+--------------------+
; Assembler Messages ;
+--------------------+
Info: *******************************************************************
Info: Running Quartus II 64-Bit Assembler
    Info: Version 13.0.1 Build 232 06/12/2013 Service Pack 1 SJ Web Edition
    Info: Processing started: Fri Aug 27 12:09:36 2021
Info: Command: quartus_asm --read_settings_files=off --write_settings_files=off SAEAES_Tb -c SAEAES_Tb
Info (115031): Writing out detailed assembly data for power analysis
Info (115030): Assembler is generating device programming files
Info: Quartus II 64-Bit Assembler was successful. 0 errors, 0 warnings
    Info: Peak virtual memory: 4677 megabytes
    Info: Processing ended: Fri Aug 27 12:09:43 2021
    Info: Elapsed time: 00:00:07
    Info: Total CPU time (on all processors): 00:00:07


