Assembler report for SAEAES_Block_TB
Sat Aug 21 10:55:46 2021
Quartus Prime Version 19.1.0 Build 670 09/22/2019 SJ Lite Edition


---------------------
; Table of Contents ;
---------------------
  1. Legal Notice
  2. Assembler Summary
  3. Assembler Settings
  4. Assembler Generated Files
  5. Assembler Device Options: C:/Users/JUAN PABLO/OneDrive - correounivalle.edu.co/Universidad/ProyectoDeGrado/Implementation/SAEAES_Block_TB/output_files/SAEAES_Block_TB.sof
  6. Assembler Messages



----------------
; Legal Notice ;
----------------
Copyright (C) 2019  Intel Corporation. All rights reserved.
Your use of Intel Corporation's design tools, logic functions 
and other software and tools, and any partner logic 
functions, and any output files from any of the foregoing 
(including device programming or simulation files), and any 
associated documentation or information are expressly subject 
to the terms and conditions of the Intel Program License 
Subscription Agreement, the Intel Quartus Prime License Agreement,
the Intel FPGA IP License Agreement, or other applicable license
agreement, including, without limitation, that your use is for
the sole purpose of programming logic devices manufactured by
Intel and sold by Intel or its authorized distributors.  Please
refer to the applicable agreement for further details, at
https://fpgasoftware.intel.com/eula.



+---------------------------------------------------------------+
; Assembler Summary                                             ;
+-----------------------+---------------------------------------+
; Assembler Status      ; Successful - Sat Aug 21 10:55:46 2021 ;
; Revision Name         ; SAEAES_Block_TB                       ;
; Top-level Entity Name ; SAEAES_Block_TB                       ;
; Family                ; Cyclone V                             ;
; Device                ; 5CSXFC6D6F31C6                        ;
+-----------------------+---------------------------------------+


+----------------------------------+
; Assembler Settings               ;
+--------+---------+---------------+
; Option ; Setting ; Default Value ;
+--------+---------+---------------+


+--------------------------------------------------------------------------------------------------------------------------------------------------+
; Assembler Generated Files                                                                                                                        ;
+--------------------------------------------------------------------------------------------------------------------------------------------------+
; File Name                                                                                                                                        ;
+--------------------------------------------------------------------------------------------------------------------------------------------------+
; C:/Users/JUAN PABLO/OneDrive - correounivalle.edu.co/Universidad/ProyectoDeGrado/Implementation/SAEAES_Block_TB/output_files/SAEAES_Block_TB.sof ;
+--------------------------------------------------------------------------------------------------------------------------------------------------+


+----------------------------------------------------------------------------------------------------------------------------------------------------------------------------+
; Assembler Device Options: C:/Users/JUAN PABLO/OneDrive - correounivalle.edu.co/Universidad/ProyectoDeGrado/Implementation/SAEAES_Block_TB/output_files/SAEAES_Block_TB.sof ;
+----------------+-----------------------------------------------------------------------------------------------------------------------------------------------------------+
; Option         ; Setting                                                                                                                                                   ;
+----------------+-----------------------------------------------------------------------------------------------------------------------------------------------------------+
; JTAG usercode  ; 0x01913BF3                                                                                                                                                ;
; Checksum       ; 0x01913BF3                                                                                                                                                ;
+----------------+-----------------------------------------------------------------------------------------------------------------------------------------------------------+


+--------------------+
; Assembler Messages ;
+--------------------+
Info: *******************************************************************
Info: Running Quartus Prime Assembler
    Info: Version 19.1.0 Build 670 09/22/2019 SJ Lite Edition
    Info: Processing started: Sat Aug 21 10:55:26 2021
Info: Command: quartus_asm --read_settings_files=off --write_settings_files=off SAEAES_Block_TB -c SAEAES_Block_TB
Warning (18236): Number of processors has not been specified which may cause overloading on shared machines.  Set the global assignment NUM_PARALLEL_PROCESSORS in your QSF to an appropriate value for best performance.
Info (115030): Assembler is generating device programming files
Info: Quartus Prime Assembler was successful. 0 errors, 1 warning
    Info: Peak virtual memory: 4910 megabytes
    Info: Processing ended: Sat Aug 21 10:55:46 2021
    Info: Elapsed time: 00:00:20
    Info: Total CPU time (on all processors): 00:00:16


