Analysis & Synthesis report for Implementation_SAEAES
Wed Aug 11 13:36:21 2021
Quartus Prime Version 19.1.0 Build 670 09/22/2019 SJ Lite Edition


---------------------
; Table of Contents ;
---------------------
  1. Legal Notice
  2. Analysis & Synthesis Summary
  3. Analysis & Synthesis Settings
  4. Parallel Compilation
  5. Analysis & Synthesis Messages



----------------
; Legal Notice ;
----------------
Copyright (C) 2019  Intel Corporation. All rights reserved.
Your use of Intel Corporation's design tools, logic functions 
and other software and tools, and any partner logic 
functions, and any output files from any of the foregoing 
(including device programming or simulation files), and any 
associated documentation or information are expressly subject 
to the terms and conditions of the Intel Program License 
Subscription Agreement, the Intel Quartus Prime License Agreement,
the Intel FPGA IP License Agreement, or other applicable license
agreement, including, without limitation, that your use is for
the sole purpose of programming logic devices manufactured by
Intel and sold by Intel or its authorized distributors.  Please
refer to the applicable agreement for further details, at
https://fpgasoftware.intel.com/eula.



+---------------------------------------------------------------------------+
; Analysis & Synthesis Summary                                              ;
+-----------------------------+---------------------------------------------+
; Analysis & Synthesis Status ; Failed - Wed Aug 11 13:36:21 2021           ;
; Quartus Prime Version       ; 19.1.0 Build 670 09/22/2019 SJ Lite Edition ;
; Revision Name               ; Implementation_SAEAES                       ;
; Top-level Entity Name       ; Implementation_SAEAES                       ;
; Family                      ; Cyclone V                                   ;
; Logic utilization (in ALMs) ; N/A until Partition Merge                   ;
; Total registers             ; N/A until Partition Merge                   ;
; Total pins                  ; N/A until Partition Merge                   ;
; Total virtual pins          ; N/A until Partition Merge                   ;
; Total block memory bits     ; N/A until Partition Merge                   ;
; Total PLLs                  ; N/A until Partition Merge                   ;
; Total DLLs                  ; N/A until Partition Merge                   ;
+-----------------------------+---------------------------------------------+


+---------------------------------------------------------------------------------------------------------------------------------+
; Analysis & Synthesis Settings                                                                                                   ;
+---------------------------------------------------------------------------------+-----------------------+-----------------------+
; Option                                                                          ; Setting               ; Default Value         ;
+---------------------------------------------------------------------------------+-----------------------+-----------------------+
; Device                                                                          ; 5CSXFC6D6F31C6        ;                       ;
; Top-level entity name                                                           ; Implementation_SAEAES ; Implementation_SAEAES ;
; Family name                                                                     ; Cyclone V             ; Cyclone V             ;
; Use smart compilation                                                           ; Off                   ; Off                   ;
; Enable parallel Assembler and Timing Analyzer during compilation                ; On                    ; On                    ;
; Enable compact report table                                                     ; Off                   ; Off                   ;
; Restructure Multiplexers                                                        ; Auto                  ; Auto                  ;
; MLAB Add Timing Constraints For Mixed-Port Feed-Through Mode Setting Don't Care ; Off                   ; Off                   ;
; Create Debugging Nodes for IP Cores                                             ; Off                   ; Off                   ;
; Preserve fewer node names                                                       ; On                    ; On                    ;
; Intel FPGA IP Evaluation Mode                                                   ; Enable                ; Enable                ;
; Verilog Version                                                                 ; Verilog_2001          ; Verilog_2001          ;
; VHDL Version                                                                    ; VHDL_1993             ; VHDL_1993             ;
; State Machine Processing                                                        ; Auto                  ; Auto                  ;
; Safe State Machine                                                              ; Off                   ; Off                   ;
; Extract Verilog State Machines                                                  ; On                    ; On                    ;
; Extract VHDL State Machines                                                     ; On                    ; On                    ;
; Ignore Verilog initial constructs                                               ; Off                   ; Off                   ;
; Iteration limit for constant Verilog loops                                      ; 5000                  ; 5000                  ;
; Iteration limit for non-constant Verilog loops                                  ; 250                   ; 250                   ;
; Add Pass-Through Logic to Inferred RAMs                                         ; On                    ; On                    ;
; Infer RAMs from Raw Logic                                                       ; On                    ; On                    ;
; Parallel Synthesis                                                              ; On                    ; On                    ;
; DSP Block Balancing                                                             ; Auto                  ; Auto                  ;
; NOT Gate Push-Back                                                              ; On                    ; On                    ;
; Power-Up Don't Care                                                             ; On                    ; On                    ;
; Remove Redundant Logic Cells                                                    ; Off                   ; Off                   ;
; Remove Duplicate Registers                                                      ; On                    ; On                    ;
; Ignore CARRY Buffers                                                            ; Off                   ; Off                   ;
; Ignore CASCADE Buffers                                                          ; Off                   ; Off                   ;
; Ignore GLOBAL Buffers                                                           ; Off                   ; Off                   ;
; Ignore ROW GLOBAL Buffers                                                       ; Off                   ; Off                   ;
; Ignore LCELL Buffers                                                            ; Off                   ; Off                   ;
; Ignore SOFT Buffers                                                             ; On                    ; On                    ;
; Limit AHDL Integers to 32 Bits                                                  ; Off                   ; Off                   ;
; Optimization Technique                                                          ; Balanced              ; Balanced              ;
; Carry Chain Length                                                              ; 70                    ; 70                    ;
; Auto Carry Chains                                                               ; On                    ; On                    ;
; Auto Open-Drain Pins                                                            ; On                    ; On                    ;
; Perform WYSIWYG Primitive Resynthesis                                           ; Off                   ; Off                   ;
; Auto ROM Replacement                                                            ; On                    ; On                    ;
; Auto RAM Replacement                                                            ; On                    ; On                    ;
; Auto DSP Block Replacement                                                      ; On                    ; On                    ;
; Auto Shift Register Replacement                                                 ; Auto                  ; Auto                  ;
; Allow Shift Register Merging across Hierarchies                                 ; Auto                  ; Auto                  ;
; Auto Clock Enable Replacement                                                   ; On                    ; On                    ;
; Strict RAM Replacement                                                          ; Off                   ; Off                   ;
; Allow Synchronous Control Signals                                               ; On                    ; On                    ;
; Force Use of Synchronous Clear Signals                                          ; Off                   ; Off                   ;
; Auto Resource Sharing                                                           ; Off                   ; Off                   ;
; Allow Any RAM Size For Recognition                                              ; Off                   ; Off                   ;
; Allow Any ROM Size For Recognition                                              ; Off                   ; Off                   ;
; Allow Any Shift Register Size For Recognition                                   ; Off                   ; Off                   ;
; Use LogicLock Constraints during Resource Balancing                             ; On                    ; On                    ;
; Ignore translate_off and synthesis_off directives                               ; Off                   ; Off                   ;
; Timing-Driven Synthesis                                                         ; On                    ; On                    ;
; Report Parameter Settings                                                       ; On                    ; On                    ;
; Report Source Assignments                                                       ; On                    ; On                    ;
; Report Connectivity Checks                                                      ; On                    ; On                    ;
; Ignore Maximum Fan-Out Assignments                                              ; Off                   ; Off                   ;
; Synchronization Register Chain Length                                           ; 3                     ; 3                     ;
; Power Optimization During Synthesis                                             ; Normal compilation    ; Normal compilation    ;
; HDL message level                                                               ; Level2                ; Level2                ;
; Suppress Register Optimization Related Messages                                 ; Off                   ; Off                   ;
; Number of Removed Registers Reported in Synthesis Report                        ; 5000                  ; 5000                  ;
; Number of Swept Nodes Reported in Synthesis Report                              ; 5000                  ; 5000                  ;
; Number of Inverted Registers Reported in Synthesis Report                       ; 100                   ; 100                   ;
; Clock MUX Protection                                                            ; On                    ; On                    ;
; Auto Gated Clock Conversion                                                     ; Off                   ; Off                   ;
; Block Design Naming                                                             ; Auto                  ; Auto                  ;
; SDC constraint protection                                                       ; Off                   ; Off                   ;
; Synthesis Effort                                                                ; Auto                  ; Auto                  ;
; Shift Register Replacement - Allow Asynchronous Clear Signal                    ; On                    ; On                    ;
; Pre-Mapping Resynthesis Optimization                                            ; Off                   ; Off                   ;
; Analysis & Synthesis Message Level                                              ; Medium                ; Medium                ;
; Disable Register Merging Across Hierarchies                                     ; Auto                  ; Auto                  ;
; Resource Aware Inference For Block RAM                                          ; On                    ; On                    ;
; Automatic Parallel Synthesis                                                    ; On                    ; On                    ;
; Partial Reconfiguration Bitstream ID                                            ; Off                   ; Off                   ;
+---------------------------------------------------------------------------------+-----------------------+-----------------------+


+------------------------------------------+
; Parallel Compilation                     ;
+----------------------------+-------------+
; Processors                 ; Number      ;
+----------------------------+-------------+
; Number detected on machine ; 4           ;
; Maximum allowed            ; 2           ;
;                            ;             ;
; Average used               ; 1.00        ;
; Maximum used               ; 1           ;
;                            ;             ;
; Usage by Processor         ; % Time Used ;
;     Processor 1            ; 100.0%      ;
+----------------------------+-------------+


+-------------------------------+
; Analysis & Synthesis Messages ;
+-------------------------------+
Info: *******************************************************************
Info: Running Quartus Prime Analysis & Synthesis
    Info: Version 19.1.0 Build 670 09/22/2019 SJ Lite Edition
    Info: Processing started: Wed Aug 11 13:36:02 2021
Info: Command: quartus_map --read_settings_files=on --write_settings_files=off Implementation_SAEAES -c Implementation_SAEAES
Warning (18236): Number of processors has not been specified which may cause overloading on shared machines.  Set the global assignment NUM_PARALLEL_PROCESSORS in your QSF to an appropriate value for best performance.
Info (20030): Parallel compilation is enabled and will use 2 of the 2 processors detected
Info (12021): Found 2 design units, including 1 entities, in source file /users/juan pablo/onedrive - correounivalle.edu.co/universidad/proyectodegrado/implementation/saeaes_vhdl/testdefinitions.vhd
    Info (12022): Found design unit 1: TestDefinitions-rtl File: C:/Users/JUAN PABLO/OneDrive - correounivalle.edu.co/Universidad/ProyectoDeGrado/Implementation/SAEAES_VHDL/TestDefinitions.vhd Line: 11
    Info (12023): Found entity 1: TestDefinitions File: C:/Users/JUAN PABLO/OneDrive - correounivalle.edu.co/Universidad/ProyectoDeGrado/Implementation/SAEAES_VHDL/TestDefinitions.vhd Line: 5
Info (12021): Found 2 design units, including 1 entities, in source file /users/juan pablo/onedrive - correounivalle.edu.co/universidad/proyectodegrado/implementation/saeaes_vhdl/saeaes_block_encrypt.vhd
    Info (12022): Found design unit 1: SAEAES_Block_Encrypt-Main File: C:/Users/JUAN PABLO/OneDrive - correounivalle.edu.co/Universidad/ProyectoDeGrado/Implementation/SAEAES_VHDL/SAEAES_Block_Encrypt.vhd Line: 10
    Info (12023): Found entity 1: SAEAES_Block_Encrypt File: C:/Users/JUAN PABLO/OneDrive - correounivalle.edu.co/Universidad/ProyectoDeGrado/Implementation/SAEAES_VHDL/SAEAES_Block_Encrypt.vhd Line: 6
Info (12021): Found 2 design units, including 1 entities, in source file /users/juan pablo/onedrive - correounivalle.edu.co/universidad/proyectodegrado/implementation/saeaes_vhdl/register_logic.vhd
    Info (12022): Found design unit 1: Register_Logic-rtl File: C:/Users/JUAN PABLO/OneDrive - correounivalle.edu.co/Universidad/ProyectoDeGrado/Implementation/SAEAES_VHDL/Register_Logic.vhd Line: 17
    Info (12023): Found entity 1: Register_Logic File: C:/Users/JUAN PABLO/OneDrive - correounivalle.edu.co/Universidad/ProyectoDeGrado/Implementation/SAEAES_VHDL/Register_Logic.vhd Line: 8
Info (12021): Found 2 design units, including 1 entities, in source file /users/juan pablo/onedrive - correounivalle.edu.co/universidad/proyectodegrado/implementation/saeaes_vhdl/register_a.vhd
    Info (12022): Found design unit 1: Register_A-rtl File: C:/Users/JUAN PABLO/OneDrive - correounivalle.edu.co/Universidad/ProyectoDeGrado/Implementation/SAEAES_VHDL/Register_A.vhd Line: 19
    Info (12023): Found entity 1: Register_A File: C:/Users/JUAN PABLO/OneDrive - correounivalle.edu.co/Universidad/ProyectoDeGrado/Implementation/SAEAES_VHDL/Register_A.vhd Line: 8
Info (12021): Found 2 design units, including 1 entities, in source file /users/juan pablo/onedrive - correounivalle.edu.co/universidad/proyectodegrado/implementation/saeaes_vhdl/muxtest.vhd
    Info (12022): Found design unit 1: MuxTest-RTL File: C:/Users/JUAN PABLO/OneDrive - correounivalle.edu.co/Universidad/ProyectoDeGrado/Implementation/SAEAES_VHDL/MuxTest.vhd Line: 9
    Info (12023): Found entity 1: MuxTest File: C:/Users/JUAN PABLO/OneDrive - correounivalle.edu.co/Universidad/ProyectoDeGrado/Implementation/SAEAES_VHDL/MuxTest.vhd Line: 6
Info (12021): Found 2 design units, including 1 entities, in source file /users/juan pablo/onedrive - correounivalle.edu.co/universidad/proyectodegrado/implementation/saeaes_vhdl/muxlogic.vhd
    Info (12022): Found design unit 1: MuxLogic-RTL File: C:/Users/JUAN PABLO/OneDrive - correounivalle.edu.co/Universidad/ProyectoDeGrado/Implementation/SAEAES_VHDL/MuxLogic.vhd Line: 18
    Info (12023): Found entity 1: MuxLogic File: C:/Users/JUAN PABLO/OneDrive - correounivalle.edu.co/Universidad/ProyectoDeGrado/Implementation/SAEAES_VHDL/MuxLogic.vhd Line: 8
Warning (12090): Entity "Mux" obtained from "../SAEAES_VHDL/Mux.vhd" instead of from Quartus Prime megafunction library File: C:/Users/JUAN PABLO/OneDrive - correounivalle.edu.co/Universidad/ProyectoDeGrado/Implementation/SAEAES_VHDL/Mux.vhd Line: 8
Info (12021): Found 2 design units, including 1 entities, in source file /users/juan pablo/onedrive - correounivalle.edu.co/universidad/proyectodegrado/implementation/saeaes_vhdl/mux.vhd
    Info (12022): Found design unit 1: Mux-RTL File: C:/Users/JUAN PABLO/OneDrive - correounivalle.edu.co/Universidad/ProyectoDeGrado/Implementation/SAEAES_VHDL/Mux.vhd Line: 22
    Info (12023): Found entity 1: Mux File: C:/Users/JUAN PABLO/OneDrive - correounivalle.edu.co/Universidad/ProyectoDeGrado/Implementation/SAEAES_VHDL/Mux.vhd Line: 8
Info (12021): Found 2 design units, including 1 entities, in source file /users/juan pablo/onedrive - correounivalle.edu.co/universidad/proyectodegrado/implementation/saeaes_vhdl/membnk.vhd
    Info (12022): Found design unit 1: MemBnk-RTL File: C:/Users/JUAN PABLO/OneDrive - correounivalle.edu.co/Universidad/ProyectoDeGrado/Implementation/SAEAES_VHDL/MemBnk.vhd Line: 20
    Info (12023): Found entity 1: MemBnk File: C:/Users/JUAN PABLO/OneDrive - correounivalle.edu.co/Universidad/ProyectoDeGrado/Implementation/SAEAES_VHDL/MemBnk.vhd Line: 4
Info (12021): Found 2 design units, including 1 entities, in source file /users/juan pablo/onedrive - correounivalle.edu.co/universidad/proyectodegrado/implementation/saeaes_vhdl/hash.vhd
    Info (12022): Found design unit 1: Hash-RTL File: C:/Users/JUAN PABLO/OneDrive - correounivalle.edu.co/Universidad/ProyectoDeGrado/Implementation/SAEAES_VHDL/Hash.vhd Line: 32
    Info (12023): Found entity 1: Hash File: C:/Users/JUAN PABLO/OneDrive - correounivalle.edu.co/Universidad/ProyectoDeGrado/Implementation/SAEAES_VHDL/Hash.vhd Line: 6
Info (12021): Found 2 design units, including 1 entities, in source file /users/juan pablo/onedrive - correounivalle.edu.co/universidad/proyectodegrado/implementation/saeaes_vhdl/encrypt.vhd
    Info (12022): Found design unit 1: Encrypt-RTL File: C:/Users/JUAN PABLO/OneDrive - correounivalle.edu.co/Universidad/ProyectoDeGrado/Implementation/SAEAES_VHDL/Encrypt.vhd Line: 31
    Info (12023): Found entity 1: Encrypt File: C:/Users/JUAN PABLO/OneDrive - correounivalle.edu.co/Universidad/ProyectoDeGrado/Implementation/SAEAES_VHDL/Encrypt.vhd Line: 6
Info (12021): Found 2 design units, including 1 entities, in source file /users/juan pablo/onedrive - correounivalle.edu.co/universidad/proyectodegrado/implementation/saeaes_vhdl/demuxtest.vhd
    Info (12022): Found design unit 1: DeMuxTest-RTL File: C:/Users/JUAN PABLO/OneDrive - correounivalle.edu.co/Universidad/ProyectoDeGrado/Implementation/SAEAES_VHDL/DeMuxTest.vhd Line: 9
    Info (12023): Found entity 1: DeMuxTest File: C:/Users/JUAN PABLO/OneDrive - correounivalle.edu.co/Universidad/ProyectoDeGrado/Implementation/SAEAES_VHDL/DeMuxTest.vhd Line: 6
Info (12021): Found 2 design units, including 1 entities, in source file /users/juan pablo/onedrive - correounivalle.edu.co/universidad/proyectodegrado/implementation/saeaes_vhdl/demux.vhd
    Info (12022): Found design unit 1: DeMux-RTL File: C:/Users/JUAN PABLO/OneDrive - correounivalle.edu.co/Universidad/ProyectoDeGrado/Implementation/SAEAES_VHDL/DeMux.vhd Line: 19
    Info (12023): Found entity 1: DeMux File: C:/Users/JUAN PABLO/OneDrive - correounivalle.edu.co/Universidad/ProyectoDeGrado/Implementation/SAEAES_VHDL/DeMux.vhd Line: 5
Info (12021): Found 2 design units, including 0 entities, in source file /users/juan pablo/onedrive - correounivalle.edu.co/universidad/proyectodegrado/implementation/saeaes_vhdl/definitions.vhd
    Info (12022): Found design unit 1: Definitions File: C:/Users/JUAN PABLO/OneDrive - correounivalle.edu.co/Universidad/ProyectoDeGrado/Implementation/SAEAES_VHDL/Definitions.vhd Line: 6
    Info (12022): Found design unit 2: Definitions-body File: C:/Users/JUAN PABLO/OneDrive - correounivalle.edu.co/Universidad/ProyectoDeGrado/Implementation/SAEAES_VHDL/Definitions.vhd Line: 37
Info (12021): Found 2 design units, including 1 entities, in source file /users/juan pablo/onedrive - correounivalle.edu.co/universidad/proyectodegrado/implementation/saeaes_vhdl/data_generate.vhd
    Info (12022): Found design unit 1: Data_Generate-RTL File: C:/Users/JUAN PABLO/OneDrive - correounivalle.edu.co/Universidad/ProyectoDeGrado/Implementation/SAEAES_VHDL/Data_Generate.vhd Line: 24
    Info (12023): Found entity 1: Data_Generate File: C:/Users/JUAN PABLO/OneDrive - correounivalle.edu.co/Universidad/ProyectoDeGrado/Implementation/SAEAES_VHDL/Data_Generate.vhd Line: 5
Info (12021): Found 2 design units, including 1 entities, in source file /users/juan pablo/onedrive - correounivalle.edu.co/universidad/proyectodegrado/implementation/saeaes_vhdl/data_force.vhd
    Info (12022): Found design unit 1: Data_Force-RTL File: C:/Users/JUAN PABLO/OneDrive - correounivalle.edu.co/Universidad/ProyectoDeGrado/Implementation/SAEAES_VHDL/Data_Force.vhd Line: 32
    Info (12023): Found entity 1: Data_Force File: C:/Users/JUAN PABLO/OneDrive - correounivalle.edu.co/Universidad/ProyectoDeGrado/Implementation/SAEAES_VHDL/Data_Force.vhd Line: 9
Info (12021): Found 2 design units, including 1 entities, in source file /users/juan pablo/onedrive - correounivalle.edu.co/universidad/proyectodegrado/implementation/saeaes_vhdl/aeskey.vhd
    Info (12022): Found design unit 1: AesKey-RTL File: C:/Users/JUAN PABLO/OneDrive - correounivalle.edu.co/Universidad/ProyectoDeGrado/Implementation/SAEAES_VHDL/AesKey.vhd Line: 22
    Info (12023): Found entity 1: AesKey File: C:/Users/JUAN PABLO/OneDrive - correounivalle.edu.co/Universidad/ProyectoDeGrado/Implementation/SAEAES_VHDL/AesKey.vhd Line: 7
Info (12021): Found 2 design units, including 1 entities, in source file /users/juan pablo/onedrive - correounivalle.edu.co/universidad/proyectodegrado/implementation/saeaes_vhdl/aesenc.vhd
    Info (12022): Found design unit 1: AesEnc-RTL File: C:/Users/JUAN PABLO/OneDrive - correounivalle.edu.co/Universidad/ProyectoDeGrado/Implementation/SAEAES_VHDL/AesEnc.vhd Line: 26
    Info (12023): Found entity 1: AesEnc File: C:/Users/JUAN PABLO/OneDrive - correounivalle.edu.co/Universidad/ProyectoDeGrado/Implementation/SAEAES_VHDL/AesEnc.vhd Line: 7
Error (12007): Top-level design entity "Implementation_SAEAES" is undefined
Error: Quartus Prime Analysis & Synthesis was unsuccessful. 1 error, 2 warnings
    Error: Peak virtual memory: 4838 megabytes
    Error: Processing ended: Wed Aug 11 13:36:21 2021
    Error: Elapsed time: 00:00:19
    Error: Total CPU time (on all processors): 00:00:37


